<?xml version="1.0" encoding="UTF-8"?>
<robot generator="Robot 3.2.1 (Python 3.8.0 on win32)" generated="20200813 16:40:56.430" rpa="false">
<suite id="s1" name="TC2" source="C:\Users\Admin\PycharmProjects\robotFramework\TestCases\TC2.robot">
<test id="s1-t1" name="AddCartTest">
<kw name="launchBrowser">
<arguments>
<arg>${URL}</arg>
<arg>${Browser}</arg>
</arguments>
<kw name="Open Browser" library="SeleniumLibrary">
<doc>Opens a new browser instance to the optional ``url``.</doc>
<arguments>
<arg>${appurl}</arg>
<arg>${appbrowser}</arg>
<arg>alias</arg>
</arguments>
<msg timestamp="20200813 16:40:57.065" level="INFO">Opening browser 'Chrome' to base url 'https://www.flipkart.com/'.</msg>
<status status="PASS" starttime="20200813 16:40:57.065" endtime="20200813 16:41:08.754"></status>
</kw>
<kw name="Maximize Browser Window" library="SeleniumLibrary">
<doc>Maximizes current browser window.</doc>
<status status="PASS" starttime="20200813 16:41:08.755" endtime="20200813 16:41:10.993"></status>
</kw>
<status status="PASS" starttime="20200813 16:40:57.064" endtime="20200813 16:41:10.994"></status>
</kw>
<kw name="Click Button" library="SeleniumLibrary">
<doc>Clicks the button identified by ``locator``.</doc>
<arguments>
<arg>xpath://button[contains(text(),'✕')]</arg>
</arguments>
<msg timestamp="20200813 16:41:10.996" level="INFO">Clicking button 'xpath://button[contains(text(),'✕')]'.</msg>
<status status="PASS" starttime="20200813 16:41:10.995" endtime="20200813 16:41:11.422"></status>
</kw>
<kw name="Set Selenium Implicit Wait" library="SeleniumLibrary">
<doc>Sets the implicit wait value used by Selenium.</doc>
<arguments>
<arg>5 seconds</arg>
</arguments>
<status status="PASS" starttime="20200813 16:41:11.429" endtime="20200813 16:41:11.436"></status>
</kw>
<kw name="Mouse Over" library="SeleniumLibrary">
<doc>Simulates hovering the mouse over the element ``locator``.</doc>
<arguments>
<arg>xpath://span[contains(text(),'Electronics')]</arg>
</arguments>
<msg timestamp="20200813 16:41:11.438" level="INFO">Simulating Mouse Over on element 'xpath://span[contains(text(),'Electronics')]'.</msg>
<status status="PASS" starttime="20200813 16:41:11.438" endtime="20200813 16:41:11.754"></status>
</kw>
<kw name="Click Link" library="SeleniumLibrary">
<doc>Clicks a link identified by ``locator``.</doc>
<arguments>
<arg>xpath://a[@title='Realme']</arg>
</arguments>
<msg timestamp="20200813 16:41:11.755" level="INFO">Clicking link 'xpath://a[@title='Realme']'.</msg>
<status status="PASS" starttime="20200813 16:41:11.754" endtime="20200813 16:41:11.890"></status>
</kw>
<kw name="Set Selenium Implicit Wait" library="SeleniumLibrary">
<doc>Sets the implicit wait value used by Selenium.</doc>
<arguments>
<arg>5 seconds</arg>
</arguments>
<status status="PASS" starttime="20200813 16:41:11.892" endtime="20200813 16:41:11.908"></status>
</kw>
<kw name="Input Text" library="SeleniumLibrary">
<doc>Types the given ``text`` into the text field identified by ``locator``.</doc>
<arguments>
<arg>name:q</arg>
<arg>Realme x</arg>
</arguments>
<msg timestamp="20200813 16:41:11.909" level="INFO">Typing text 'Realme x' into text field 'name:q'.</msg>
<status status="PASS" starttime="20200813 16:41:11.909" endtime="20200813 16:41:12.312"></status>
</kw>
<kw name="Press Keys" library="SeleniumLibrary">
<doc>Simulates the user pressing key(s) to an element or on the active browser.</doc>
<arguments>
<arg>name:q</arg>
<arg>ENTER</arg>
</arguments>
<msg timestamp="20200813 16:41:12.315" level="INFO">Sending key(s) ('ENTER',) to name:q element.</msg>
<msg timestamp="20200813 16:41:12.624" level="INFO">Pressing special key ENTER to element.</msg>
<msg timestamp="20200813 16:41:12.625" level="INFO">Releasing special key ENTER.</msg>
<status status="PASS" starttime="20200813 16:41:12.314" endtime="20200813 16:41:12.685"></status>
</kw>
<kw name="Set Selenium Implicit Wait" library="SeleniumLibrary">
<doc>Sets the implicit wait value used by Selenium.</doc>
<arguments>
<arg>10 seconds</arg>
</arguments>
<status status="PASS" starttime="20200813 16:41:12.687" endtime="20200813 16:41:12.690"></status>
</kw>
<kw name="Scroll Element Into View" library="SeleniumLibrary">
<doc>Scrolls the element identified by ``locator`` into view.</doc>
<arguments>
<arg>xpath://a[@title='Realme X2 (Pearl Green, 128 GB)']</arg>
</arguments>
<status status="PASS" starttime="20200813 16:41:12.691" endtime="20200813 16:41:15.301"></status>
</kw>
<kw name="Set Selenium Implicit Wait" library="SeleniumLibrary">
<doc>Sets the implicit wait value used by Selenium.</doc>
<arguments>
<arg>5 seconds</arg>
</arguments>
<status status="PASS" starttime="20200813 16:41:15.304" endtime="20200813 16:41:15.307"></status>
</kw>
<kw name="Click Link" library="SeleniumLibrary">
<doc>Clicks a link identified by ``locator``.</doc>
<arguments>
<arg>xpath://a[@title='Realme X2 (Pearl Green, 128 GB)']</arg>
</arguments>
<msg timestamp="20200813 16:41:15.308" level="INFO">Clicking link 'xpath://a[@title='Realme X2 (Pearl Green, 128 GB)']'.</msg>
<status status="PASS" starttime="20200813 16:41:15.308" endtime="20200813 16:41:15.506"></status>
</kw>
<kw name="Set Selenium Implicit Wait" library="SeleniumLibrary">
<doc>Sets the implicit wait value used by Selenium.</doc>
<arguments>
<arg>10 seconds</arg>
</arguments>
<status status="PASS" starttime="20200813 16:41:15.509" endtime="20200813 16:41:15.513"></status>
</kw>
<kw name="Switch Window" library="SeleniumLibrary">
<doc>Switches to browser window matching ``locator``.</doc>
<arguments>
<arg>locator=NEW</arg>
</arguments>
<status status="PASS" starttime="20200813 16:41:15.517" endtime="20200813 16:41:15.552"></status>
</kw>
<kw name="Set Selenium Speed" library="SeleniumLibrary">
<doc>Sets the delay that is waited after each Selenium command.</doc>
<arguments>
<arg>1 seconds</arg>
</arguments>
<status status="PASS" starttime="20200813 16:41:15.554" endtime="20200813 16:41:15.554"></status>
</kw>
<kw name="Click Button" library="SeleniumLibrary">
<doc>Clicks the button identified by ``locator``.</doc>
<arguments>
<arg>xpath://button[@class='_2AkmmA _2Npkh4 _2MWPVK']</arg>
</arguments>
<msg timestamp="20200813 16:41:15.558" level="INFO">Clicking button 'xpath://button[@class='_2AkmmA _2Npkh4 _2MWPVK']'.</msg>
<status status="PASS" starttime="20200813 16:41:15.558" endtime="20200813 16:41:25.072"></status>
</kw>
<kw name="Set Selenium Implicit Wait" library="SeleniumLibrary">
<doc>Sets the implicit wait value used by Selenium.</doc>
<arguments>
<arg>10 seconds</arg>
</arguments>
<status status="PASS" starttime="20200813 16:41:25.073" endtime="20200813 16:41:26.074"></status>
</kw>
<kw name="Log To Console" library="BuiltIn">
<doc>Logs the given message to the console.</doc>
<arguments>
<arg>'hello'</arg>
</arguments>
<status status="PASS" starttime="20200813 16:41:26.075" endtime="20200813 16:41:26.075"></status>
</kw>
<kw name="Get Element Attribute" library="SeleniumLibrary">
<doc>Returns the value of ``attribute`` from the element ``locator``.</doc>
<arguments>
<arg>xpath://a[@class='_325-ji _3ROAwx']</arg>
<arg>text</arg>
</arguments>
<assign>
<var>${mobileName}</var>
</assign>
<msg timestamp="20200813 16:41:28.127" level="INFO">${mobileName} = Realme X2 (Pearl Green, 128 GB)</msg>
<status status="PASS" starttime="20200813 16:41:26.076" endtime="20200813 16:41:28.127"></status>
</kw>
<kw name="Log To Console" library="BuiltIn">
<doc>Logs the given message to the console.</doc>
<arguments>
<arg>${mobileName}</arg>
</arguments>
<status status="PASS" starttime="20200813 16:41:28.129" endtime="20200813 16:41:28.131"></status>
</kw>
<kw name="Log To Console" library="BuiltIn">
<doc>Logs the given message to the console.</doc>
<arguments>
<arg>'PASS'</arg>
</arguments>
<status status="PASS" starttime="20200813 16:41:28.132" endtime="20200813 16:41:28.134"></status>
</kw>
<status status="PASS" starttime="20200813 16:40:57.062" endtime="20200813 16:41:28.135" critical="yes"></status>
</test>
<test id="s1-t2" name="GotoCartTest">
<kw name="Set Selenium Implicit Wait" library="SeleniumLibrary">
<doc>Sets the implicit wait value used by Selenium.</doc>
<arguments>
<arg>10 seconds</arg>
</arguments>
<status status="PASS" starttime="20200813 16:41:28.145" endtime="20200813 16:41:29.152"></status>
</kw>
<kw name="launchBrowser">
<arguments>
<arg>${URL}</arg>
<arg>${Browser}</arg>
</arguments>
<kw name="Open Browser" library="SeleniumLibrary">
<doc>Opens a new browser instance to the optional ``url``.</doc>
<arguments>
<arg>${appurl}</arg>
<arg>${appbrowser}</arg>
<arg>alias</arg>
</arguments>
<msg timestamp="20200813 16:41:29.154" level="INFO">Using existing browser from index 1.</msg>
<msg timestamp="20200813 16:41:29.154" level="INFO">Opening url 'https://www.flipkart.com/'</msg>
<status status="PASS" starttime="20200813 16:41:29.154" endtime="20200813 16:41:32.349"></status>
</kw>
<kw name="Maximize Browser Window" library="SeleniumLibrary">
<doc>Maximizes current browser window.</doc>
<status status="PASS" starttime="20200813 16:41:32.350" endtime="20200813 16:41:33.378"></status>
</kw>
<status status="PASS" starttime="20200813 16:41:29.153" endtime="20200813 16:41:33.379"></status>
</kw>
<kw name="Set Selenium Implicit Wait" library="SeleniumLibrary">
<doc>Sets the implicit wait value used by Selenium.</doc>
<arguments>
<arg>10 seconds</arg>
</arguments>
<status status="PASS" starttime="20200813 16:41:33.380" endtime="20200813 16:41:34.384"></status>
</kw>
<kw name="Click Link" library="SeleniumLibrary">
<doc>Clicks a link identified by ``locator``.</doc>
<arguments>
<arg>xpath://*[@id='container']/div/div[1]/div[1]/div[2]/div[5]/div/div/a</arg>
</arguments>
<msg timestamp="20200813 16:41:34.385" level="INFO">Clicking link 'xpath://*[@id='container']/div/div[1]/div[1]/div[2]/div[5]/div/div/a'.</msg>
<status status="PASS" starttime="20200813 16:41:34.385" endtime="20200813 16:41:37.521"></status>
</kw>
<kw name="Wait Until Page Contains" library="SeleniumLibrary">
<doc>Waits until ``text`` appears on the current page.</doc>
<arguments>
<arg>Realme X2</arg>
</arguments>
<status status="PASS" starttime="20200813 16:41:37.524" endtime="20200813 16:41:38.606"></status>
</kw>
<kw name="Log To Console" library="BuiltIn">
<doc>Logs the given message to the console.</doc>
<arguments>
<arg>'hello'</arg>
</arguments>
<status status="PASS" starttime="20200813 16:41:38.607" endtime="20200813 16:41:38.608"></status>
</kw>
<kw name="Get Element Attribute" library="SeleniumLibrary">
<doc>Returns the value of ``attribute`` from the element ``locator``.</doc>
<arguments>
<arg>xpath://a[@class='_325-ji _3ROAwx']</arg>
<arg>text</arg>
</arguments>
<assign>
<var>${mobileName2}</var>
</assign>
<msg timestamp="20200813 16:41:40.644" level="INFO">${mobileName2} = Realme X2 (Pearl Green, 128 GB)</msg>
<status status="PASS" starttime="20200813 16:41:38.608" endtime="20200813 16:41:40.644"></status>
</kw>
<kw name="Log To Console" library="BuiltIn">
<doc>Logs the given message to the console.</doc>
<arguments>
<arg>${mobileName2}</arg>
</arguments>
<status status="PASS" starttime="20200813 16:41:40.645" endtime="20200813 16:41:40.648"></status>
</kw>
<kw name="Should Be Equal As Strings" library="BuiltIn">
<doc>Fails if objects are unequal after converting them to strings.</doc>
<arguments>
<arg>${mobileName2}</arg>
<arg>Realme X2 (Pearl Green, 128 GB)</arg>
</arguments>
<status status="PASS" starttime="20200813 16:41:40.648" endtime="20200813 16:41:40.649"></status>
</kw>
<kw name="Log To Console" library="BuiltIn">
<doc>Logs the given message to the console.</doc>
<arguments>
<arg>'PASS'</arg>
</arguments>
<status status="PASS" starttime="20200813 16:41:40.651" endtime="20200813 16:41:40.652"></status>
</kw>
<status status="PASS" starttime="20200813 16:41:28.142" endtime="20200813 16:41:40.653" critical="yes"></status>
</test>
<status status="PASS" starttime="20200813 16:40:56.433" endtime="20200813 16:41:40.656"></status>
</suite>
<statistics>
<total>
<stat pass="2" fail="0">Critical Tests</stat>
<stat pass="2" fail="0">All Tests</stat>
</total>
<tag>
</tag>
<suite>
<stat pass="2" fail="0" id="s1" name="TC2">TC2</stat>
</suite>
</statistics>
<errors>
</errors>
</robot>
