<?xml version="1.0" encoding="UTF-8"?>
<robot generator="Robot 3.2.1 (Python 3.8.0 on win32)" generated="20200814 17:00:01.437" rpa="false">
<suite id="s1" name="TC2" source="C:\Users\Admin\PycharmProjects\robotFramework\TestCases\TC2.robot">
<test id="s1-t1" name="AddCartTest">
<kw name="Open Browser" library="SeleniumLibrary">
<doc>Opens a new browser instance to the optional ``url``.</doc>
<arguments>
<arg>${URL}</arg>
<arg>${Browser}</arg>
<arg>alias</arg>
</arguments>
<msg timestamp="20200814 17:00:01.933" level="INFO">Opening browser 'Chrome' to base url 'https://www.flipkart.com/'.</msg>
<status status="PASS" starttime="20200814 17:00:01.933" endtime="20200814 17:00:14.530"></status>
</kw>
<kw name="Maximize Browser Window" library="SeleniumLibrary">
<doc>Maximizes current browser window.</doc>
<status status="PASS" starttime="20200814 17:00:14.530" endtime="20200814 17:00:16.763"></status>
</kw>
<kw name="Click Button" library="SeleniumLibrary">
<doc>Clicks the button identified by ``locator``.</doc>
<arguments>
<arg>xpath://button[contains(text(),'✕')]</arg>
</arguments>
<msg timestamp="20200814 17:00:16.767" level="INFO">Clicking button 'xpath://button[contains(text(),'✕')]'.</msg>
<status status="PASS" starttime="20200814 17:00:16.767" endtime="20200814 17:00:17.135"></status>
</kw>
<kw name="Set Selenium Speed" library="SeleniumLibrary">
<doc>Sets the delay that is waited after each Selenium command.</doc>
<arguments>
<arg>0.75 seconds</arg>
</arguments>
<status status="PASS" starttime="20200814 17:00:17.135" endtime="20200814 17:00:17.139"></status>
</kw>
<kw name="Mouse Over" library="SeleniumLibrary">
<doc>Simulates hovering the mouse over the element ``locator``.</doc>
<arguments>
<arg>xpath://span[contains(text(),'Electronics')]</arg>
</arguments>
<msg timestamp="20200814 17:00:17.143" level="INFO">Simulating Mouse Over on element 'xpath://span[contains(text(),'Electronics')]'.</msg>
<status status="PASS" starttime="20200814 17:00:17.143" endtime="20200814 17:00:18.983"></status>
</kw>
<kw name="Click Link" library="SeleniumLibrary">
<doc>Clicks a link identified by ``locator``.</doc>
<arguments>
<arg>xpath://a[@title='Realme']</arg>
</arguments>
<msg timestamp="20200814 17:00:18.983" level="INFO">Clicking link 'xpath://a[@title='Realme']'.</msg>
<status status="PASS" starttime="20200814 17:00:18.983" endtime="20200814 17:00:21.361"></status>
</kw>
<kw name="Set Selenium Implicit Wait" library="SeleniumLibrary">
<doc>Sets the implicit wait value used by Selenium.</doc>
<arguments>
<arg>10 seconds</arg>
</arguments>
<status status="PASS" starttime="20200814 17:00:21.361" endtime="20200814 17:00:22.119"></status>
</kw>
<kw name="Scroll Element Into View" library="SeleniumLibrary">
<doc>Scrolls the element identified by ``locator`` into view.</doc>
<arguments>
<arg>xpath://div[contains(text(),'Realme 6 (Comet White, 64 GB)')]</arg>
</arguments>
<status status="PASS" starttime="20200814 17:00:22.119" endtime="20200814 17:00:25.080"></status>
</kw>
<kw name="Click Element" library="SeleniumLibrary">
<doc>Click the element identified by ``locator``.</doc>
<arguments>
<arg>xpath://div[contains(text(),'Realme 6 (Comet White, 64 GB)')]</arg>
</arguments>
<msg timestamp="20200814 17:00:25.084" level="INFO">Clicking element 'xpath://div[contains(text(),'Realme 6 (Comet White, 64 GB)')]'.</msg>
<status status="PASS" starttime="20200814 17:00:25.084" endtime="20200814 17:00:26.780"></status>
</kw>
<kw name="Set Selenium Implicit Wait" library="SeleniumLibrary">
<doc>Sets the implicit wait value used by Selenium.</doc>
<arguments>
<arg>10 seconds</arg>
</arguments>
<status status="PASS" starttime="20200814 17:00:26.780" endtime="20200814 17:00:27.540"></status>
</kw>
<kw name="Switch Window" library="SeleniumLibrary">
<doc>Switches to browser window matching ``locator``.</doc>
<arguments>
<arg>locator=NEW</arg>
</arguments>
<status status="PASS" starttime="20200814 17:00:27.540" endtime="20200814 17:00:30.574"></status>
</kw>
<kw name="Click Button" library="SeleniumLibrary">
<doc>Clicks the button identified by ``locator``.</doc>
<arguments>
<arg>xpath://button[@class='_2AkmmA _2Npkh4 _2MWPVK']</arg>
</arguments>
<msg timestamp="20200814 17:00:30.574" level="INFO">Clicking button 'xpath://button[@class='_2AkmmA _2Npkh4 _2MWPVK']'.</msg>
<status status="PASS" starttime="20200814 17:00:30.574" endtime="20200814 17:00:36.720"></status>
</kw>
<kw name="Wait Until Page Contains" library="SeleniumLibrary">
<doc>Waits until ``text`` appears on the current page.</doc>
<arguments>
<arg>Realme 6</arg>
</arguments>
<status status="PASS" starttime="20200814 17:00:36.720" endtime="20200814 17:00:37.527"></status>
</kw>
<kw name="Get Element Attribute" library="SeleniumLibrary">
<doc>Returns the value of ``attribute`` from the element ``locator``.</doc>
<arguments>
<arg>xpath://a[@class='_325-ji _3ROAwx']</arg>
<arg>text</arg>
</arguments>
<assign>
<var>${mobileName}</var>
</assign>
<msg timestamp="20200814 17:00:39.237" level="INFO">${mobileName} = Realme 6 (Comet White, 64 GB)</msg>
<status status="PASS" starttime="20200814 17:00:37.527" endtime="20200814 17:00:39.237"></status>
</kw>
<kw name="Log To Console" library="BuiltIn">
<doc>Logs the given message to the console.</doc>
<arguments>
<arg>${mobileName}</arg>
</arguments>
<status status="PASS" starttime="20200814 17:00:39.237" endtime="20200814 17:00:39.237"></status>
</kw>
<kw name="Log To Console" library="BuiltIn">
<doc>Logs the given message to the console.</doc>
<arguments>
<arg>'PASS'</arg>
</arguments>
<status status="PASS" starttime="20200814 17:00:39.237" endtime="20200814 17:00:39.237"></status>
</kw>
<status status="PASS" starttime="20200814 17:00:01.933" endtime="20200814 17:00:39.245" critical="yes"></status>
</test>
<test id="s1-t2" name="GotoCartTest">
<kw name="Open Browser" library="SeleniumLibrary">
<doc>Opens a new browser instance to the optional ``url``.</doc>
<arguments>
<arg>${URL}</arg>
<arg>${Browser}</arg>
<arg>alias</arg>
</arguments>
<msg timestamp="20200814 17:00:39.253" level="INFO">Using existing browser from index 1.</msg>
<msg timestamp="20200814 17:00:39.253" level="INFO">Opening url 'https://www.flipkart.com/'</msg>
<status status="PASS" starttime="20200814 17:00:39.253" endtime="20200814 17:00:41.757"></status>
</kw>
<kw name="Set Selenium Implicit Wait" library="SeleniumLibrary">
<doc>Sets the implicit wait value used by Selenium.</doc>
<arguments>
<arg>10 seconds</arg>
</arguments>
<status status="PASS" starttime="20200814 17:00:41.757" endtime="20200814 17:00:42.513"></status>
</kw>
<kw name="Click Link" library="SeleniumLibrary">
<doc>Clicks a link identified by ``locator``.</doc>
<arguments>
<arg>xpath://*[@id='container']/div/div[1]/div[1]/div[2]/div[5]/div/div/a</arg>
</arguments>
<msg timestamp="20200814 17:00:42.513" level="INFO">Clicking link 'xpath://*[@id='container']/div/div[1]/div[1]/div[2]/div[5]/div/div/a'.</msg>
<status status="PASS" starttime="20200814 17:00:42.513" endtime="20200814 17:00:45.110"></status>
</kw>
<kw name="Wait Until Page Contains" library="SeleniumLibrary">
<doc>Waits until ``text`` appears on the current page.</doc>
<arguments>
<arg>Realme 6</arg>
</arguments>
<status status="PASS" starttime="20200814 17:00:45.110" endtime="20200814 17:00:46.002"></status>
</kw>
<kw name="Get Element Attribute" library="SeleniumLibrary">
<doc>Returns the value of ``attribute`` from the element ``locator``.</doc>
<arguments>
<arg>xpath://a[@class='_325-ji _3ROAwx']</arg>
<arg>text</arg>
</arguments>
<assign>
<var>${mobileName2}</var>
</assign>
<msg timestamp="20200814 17:00:47.563" level="INFO">${mobileName2} = Realme 6 (Comet White, 64 GB)</msg>
<status status="PASS" starttime="20200814 17:00:46.002" endtime="20200814 17:00:47.563"></status>
</kw>
<kw name="Log To Console" library="BuiltIn">
<doc>Logs the given message to the console.</doc>
<arguments>
<arg>${mobileName2}</arg>
</arguments>
<status status="PASS" starttime="20200814 17:00:47.563" endtime="20200814 17:00:47.563"></status>
</kw>
<kw name="Should Be Equal As Strings" library="BuiltIn">
<doc>Fails if objects are unequal after converting them to strings.</doc>
<arguments>
<arg>${mobileName2}</arg>
<arg>Realme 6 (Comet White, 64 GB)</arg>
</arguments>
<status status="PASS" starttime="20200814 17:00:47.563" endtime="20200814 17:00:47.563"></status>
</kw>
<kw name="Log To Console" library="BuiltIn">
<doc>Logs the given message to the console.</doc>
<arguments>
<arg>'PASS'</arg>
</arguments>
<status status="PASS" starttime="20200814 17:00:47.563" endtime="20200814 17:00:47.563"></status>
</kw>
<kw name="Close Browser" library="SeleniumLibrary">
<doc>Closes the current browser.</doc>
<status status="PASS" starttime="20200814 17:00:47.563" endtime="20200814 17:00:50.570"></status>
</kw>
<status status="PASS" starttime="20200814 17:00:39.245" endtime="20200814 17:00:50.570" critical="yes"></status>
</test>
<status status="PASS" starttime="20200814 17:00:01.445" endtime="20200814 17:00:50.570"></status>
</suite>
<statistics>
<total>
<stat pass="2" fail="0">Critical Tests</stat>
<stat pass="2" fail="0">All Tests</stat>
</total>
<tag>
</tag>
<suite>
<stat pass="2" fail="0" id="s1" name="TC2">TC2</stat>
</suite>
</statistics>
<errors>
</errors>
</robot>
